<?xml version="1.0" encoding="UTF-8"?>
<testng-results ignored="0" total="7" passed="7" failed="0" skipped="0">
  <reporter-output>
  </reporter-output>
  <suite started-at="2024-05-29T20:47:39 EDT" name="CucumberSuite" finished-at="2024-05-29T20:48:05 EDT" duration-ms="25965">
    <groups>
      <group name="cucumber">
        <method signature="AbstractTestNGCucumberTests.runScenario(io.cucumber.testng.PickleWrapper,io.cucumber.testng.FeatureWrapper)[pri:0, instance:runner.TestNGRunner@f1da57d]" name="runScenario" class="io.cucumber.testng.AbstractTestNGCucumberTests"/>
      </group> <!-- cucumber -->
    </groups>
    <test started-at="2024-05-29T20:47:39 EDT" name="CucumberTests" finished-at="2024-05-29T20:48:05 EDT" duration-ms="25965">
      <class name="runner.TestNGRunner">
        <test-method is-config="true" signature="setUpClass(org.testng.ITestContext)[pri:0, instance:runner.TestNGRunner@f1da57d]" started-at="2024-05-29T20:47:39 EDT" name="setUpClass" finished-at="2024-05-29T20:47:39 EDT" duration-ms="272" status="PASS">
          <params>
            <param index="0">
              <value>
                <![CDATA[org.testng.TestRunner@31da0434]]>
              </value>
            </param>
          </params>
          <reporter-output>
          </reporter-output>
        </test-method> <!-- setUpClass -->
        <test-method signature="runScenario(io.cucumber.testng.PickleWrapper,io.cucumber.testng.FeatureWrapper)[pri:0, instance:runner.TestNGRunner@f1da57d]" started-at="2024-05-29T20:47:39 EDT" name="runScenario" description="Runs Cucumber Scenarios" data-provider="scenarios" finished-at="2024-05-29T20:47:45 EDT" duration-ms="5368" status="PASS">
          <params>
            <param index="0">
              <value>
                <![CDATA["To verify the homepage functionality of portfolio and send an email"]]>
              </value>
            </param>
            <param index="1">
              <value>
                <![CDATA["Krisshsaahi portfolio homepage test"]]>
              </value>
            </param>
          </params>
          <reporter-output>
          </reporter-output>
        </test-method> <!-- runScenario -->
        <test-method signature="runScenario(io.cucumber.testng.PickleWrapper,io.cucumber.testng.FeatureWrapper)[pri:0, instance:runner.TestNGRunner@f1da57d]" started-at="2024-05-29T20:47:45 EDT" name="runScenario" description="Runs Cucumber Scenarios" data-provider="scenarios" finished-at="2024-05-29T20:47:49 EDT" duration-ms="3699" status="PASS">
          <params>
            <param index="0">
              <value>
                <![CDATA["To verify the homepage functionality of portfolio and send an email"]]>
              </value>
            </param>
            <param index="1">
              <value>
                <![CDATA["Krisshsaahi portfolio homepage test"]]>
              </value>
            </param>
          </params>
          <reporter-output>
          </reporter-output>
        </test-method> <!-- runScenario -->
        <test-method signature="runScenario(io.cucumber.testng.PickleWrapper,io.cucumber.testng.FeatureWrapper)[pri:0, instance:runner.TestNGRunner@f1da57d]" started-at="2024-05-29T20:47:49 EDT" name="runScenario" description="Runs Cucumber Scenarios" data-provider="scenarios" finished-at="2024-05-29T20:47:51 EDT" duration-ms="2893" status="PASS">
          <params>
            <param index="0">
              <value>
                <![CDATA["To verify the homepage functionality of portfolio and send an email"]]>
              </value>
            </param>
            <param index="1">
              <value>
                <![CDATA["Krisshsaahi portfolio homepage test"]]>
              </value>
            </param>
          </params>
          <reporter-output>
          </reporter-output>
        </test-method> <!-- runScenario -->
        <test-method signature="runScenario(io.cucumber.testng.PickleWrapper,io.cucumber.testng.FeatureWrapper)[pri:0, instance:runner.TestNGRunner@f1da57d]" started-at="2024-05-29T20:47:51 EDT" name="runScenario" description="Runs Cucumber Scenarios" data-provider="scenarios" finished-at="2024-05-29T20:47:55 EDT" duration-ms="3379" status="PASS">
          <params>
            <param index="0">
              <value>
                <![CDATA["To verify the homepage functionality of portfolio and send an email"]]>
              </value>
            </param>
            <param index="1">
              <value>
                <![CDATA["Krisshsaahi portfolio homepage test"]]>
              </value>
            </param>
          </params>
          <reporter-output>
          </reporter-output>
        </test-method> <!-- runScenario -->
        <test-method signature="runScenario(io.cucumber.testng.PickleWrapper,io.cucumber.testng.FeatureWrapper)[pri:0, instance:runner.TestNGRunner@f1da57d]" started-at="2024-05-29T20:47:55 EDT" name="runScenario" description="Runs Cucumber Scenarios" data-provider="scenarios" finished-at="2024-05-29T20:47:58 EDT" duration-ms="2996" status="PASS">
          <params>
            <param index="0">
              <value>
                <![CDATA["To verify the homepage functionality of portfolio and send an email"]]>
              </value>
            </param>
            <param index="1">
              <value>
                <![CDATA["Krisshsaahi portfolio homepage test"]]>
              </value>
            </param>
          </params>
          <reporter-output>
          </reporter-output>
        </test-method> <!-- runScenario -->
        <test-method signature="runScenario(io.cucumber.testng.PickleWrapper,io.cucumber.testng.FeatureWrapper)[pri:0, instance:runner.TestNGRunner@f1da57d]" started-at="2024-05-29T20:47:58 EDT" name="runScenario" description="Runs Cucumber Scenarios" data-provider="scenarios" finished-at="2024-05-29T20:48:02 EDT" duration-ms="3724" status="PASS">
          <params>
            <param index="0">
              <value>
                <![CDATA["To verify the homepage functionality of portfolio and send an email"]]>
              </value>
            </param>
            <param index="1">
              <value>
                <![CDATA["Krisshsaahi portfolio homepage test"]]>
              </value>
            </param>
          </params>
          <reporter-output>
          </reporter-output>
        </test-method> <!-- runScenario -->
        <test-method signature="runScenario(io.cucumber.testng.PickleWrapper,io.cucumber.testng.FeatureWrapper)[pri:0, instance:runner.TestNGRunner@f1da57d]" started-at="2024-05-29T20:48:02 EDT" name="runScenario" description="Runs Cucumber Scenarios" data-provider="scenarios" finished-at="2024-05-29T20:48:05 EDT" duration-ms="3592" status="PASS">
          <params>
            <param index="0">
              <value>
                <![CDATA["To verify the homepage functionality of portfolio and send an email"]]>
              </value>
            </param>
            <param index="1">
              <value>
                <![CDATA["Krisshsaahi portfolio homepage test"]]>
              </value>
            </param>
          </params>
          <reporter-output>
          </reporter-output>
        </test-method> <!-- runScenario -->
        <test-method is-config="true" signature="tearDownClass()[pri:0, instance:runner.TestNGRunner@f1da57d]" started-at="2024-05-29T20:48:05 EDT" name="tearDownClass" finished-at="2024-05-29T20:48:05 EDT" duration-ms="14" status="PASS">
          <reporter-output>
          </reporter-output>
        </test-method> <!-- tearDownClass -->
      </class> <!-- runner.TestNGRunner -->
    </test> <!-- CucumberTests -->
  </suite> <!-- CucumberSuite -->
</testng-results>
