<?xml version="1.0" encoding="UTF-8"?>
<testng-results ignored="0" total="4" passed="4" failed="0" skipped="0">
  <reporter-output>
  </reporter-output>
  <suite started-at="2024-05-29T19:21:53 EDT" name="Default suite" finished-at="2024-05-29T19:22:25 EDT" duration-ms="32246">
    <groups>
      <group name="cucumber">
        <method signature="AbstractTestNGCucumberTests.runScenario(io.cucumber.testng.PickleWrapper,io.cucumber.testng.FeatureWrapper)[pri:0, instance:runner.TestNGRunner@14fc5f04]" name="runScenario" class="io.cucumber.testng.AbstractTestNGCucumberTests"/>
      </group> <!-- cucumber -->
    </groups>
    <test started-at="2024-05-29T19:21:53 EDT" name="Default test" finished-at="2024-05-29T19:22:25 EDT" duration-ms="32246">
      <class name="runner.TestNGRunner">
        <test-method is-config="true" signature="setUpClass(org.testng.ITestContext)[pri:0, instance:runner.TestNGRunner@14fc5f04]" started-at="2024-05-29T19:21:53 EDT" name="setUpClass" finished-at="2024-05-29T19:21:53 EDT" duration-ms="261" status="PASS">
          <params>
            <param index="0">
              <value>
                <![CDATA[org.testng.TestRunner@750a04ec]]>
              </value>
            </param>
          </params>
          <reporter-output>
          </reporter-output>
        </test-method> <!-- setUpClass -->
        <test-method signature="runScenario(io.cucumber.testng.PickleWrapper,io.cucumber.testng.FeatureWrapper)[pri:0, instance:runner.TestNGRunner@14fc5f04]" started-at="2024-05-29T19:21:53 EDT" name="runScenario" description="Runs Cucumber Scenarios" data-provider="scenarios" finished-at="2024-05-29T19:22:04 EDT" duration-ms="11159" status="PASS">
          <params>
            <param index="0">
              <value>
                <![CDATA["To verify the homepage functionality of portfolio and send an email"]]>
              </value>
            </param>
            <param index="1">
              <value>
                <![CDATA["Krisshsaahi portfolio homepage test"]]>
              </value>
            </param>
          </params>
          <reporter-output>
          </reporter-output>
        </test-method> <!-- runScenario -->
        <test-method signature="runScenario(io.cucumber.testng.PickleWrapper,io.cucumber.testng.FeatureWrapper)[pri:0, instance:runner.TestNGRunner@14fc5f04]" started-at="2024-05-29T19:22:04 EDT" name="runScenario" description="Runs Cucumber Scenarios" data-provider="scenarios" finished-at="2024-05-29T19:22:11 EDT" duration-ms="6688" status="PASS">
          <params>
            <param index="0">
              <value>
                <![CDATA["To verify the homepage functionality of portfolio and send an email"]]>
              </value>
            </param>
            <param index="1">
              <value>
                <![CDATA["Krisshsaahi portfolio homepage test"]]>
              </value>
            </param>
          </params>
          <reporter-output>
          </reporter-output>
        </test-method> <!-- runScenario -->
        <test-method signature="runScenario(io.cucumber.testng.PickleWrapper,io.cucumber.testng.FeatureWrapper)[pri:0, instance:runner.TestNGRunner@14fc5f04]" started-at="2024-05-29T19:22:11 EDT" name="runScenario" description="Runs Cucumber Scenarios" data-provider="scenarios" finished-at="2024-05-29T19:22:18 EDT" duration-ms="6859" status="PASS">
          <params>
            <param index="0">
              <value>
                <![CDATA["To verify the homepage functionality of portfolio and send an email"]]>
              </value>
            </param>
            <param index="1">
              <value>
                <![CDATA["Krisshsaahi portfolio homepage test"]]>
              </value>
            </param>
          </params>
          <reporter-output>
          </reporter-output>
        </test-method> <!-- runScenario -->
        <test-method signature="runScenario(io.cucumber.testng.PickleWrapper,io.cucumber.testng.FeatureWrapper)[pri:0, instance:runner.TestNGRunner@14fc5f04]" started-at="2024-05-29T19:22:18 EDT" name="runScenario" description="Runs Cucumber Scenarios" data-provider="scenarios" finished-at="2024-05-29T19:22:25 EDT" duration-ms="7239" status="PASS">
          <params>
            <param index="0">
              <value>
                <![CDATA["To verify the homepage functionality of portfolio and send an email"]]>
              </value>
            </param>
            <param index="1">
              <value>
                <![CDATA["Krisshsaahi portfolio homepage test"]]>
              </value>
            </param>
          </params>
          <reporter-output>
          </reporter-output>
        </test-method> <!-- runScenario -->
        <test-method is-config="true" signature="tearDownClass()[pri:0, instance:runner.TestNGRunner@14fc5f04]" started-at="2024-05-29T19:22:25 EDT" name="tearDownClass" finished-at="2024-05-29T19:22:25 EDT" duration-ms="15" status="PASS">
          <reporter-output>
          </reporter-output>
        </test-method> <!-- tearDownClass -->
      </class> <!-- runner.TestNGRunner -->
    </test> <!-- Default test -->
  </suite> <!-- Default suite -->
</testng-results>
